Log file open, 08/18/21 16:21:07
LogWindows: Failed to load 'aqProf.dll' (GetLastError=126)
LogWindows: File 'aqProf.dll' does not exist
LogWindows: Failed to load 'VtuneApi.dll' (GetLastError=126)
LogWindows: File 'VtuneApi.dll' does not exist
LogWindows: Failed to load 'VtuneApi32e.dll' (GetLastError=126)
LogWindows: File 'VtuneApi32e.dll' does not exist
LogConsoleResponse: Display: Failed to find resolution value strings in scalability ini. Falling back to default.
LogInit: Display: Running engine for game: Jardin
LogPakFile: Registered encryption key '00000000000000000000000000000000': 0 pak files mounted, 0 remain pending
LogPlatformFile: Not using cached read wrapper
LogTaskGraph: Started task graph with 5 named threads and 23 total threads with 3 sets of task threads.
LogStats: Stats thread started at 0.391051
LogD3D11RHI: Loaded GFSDK_Aftermath_Lib.x64.dll
LogICUInternationalization: ICU TimeZone Detection - Raw Offset: -6:00, Platform Override: ''
LogPluginManager: Mounting plugin Paper2D
LogPluginManager: Mounting plugin AISupport
LogPluginManager: Mounting plugin LightPropagationVolume
LogPluginManager: Mounting plugin ActorLayerUtilities
LogPluginManager: Mounting plugin AnimationSharing
LogPluginManager: Mounting plugin CLionSourceCodeAccess
LogPluginManager: Mounting plugin CodeLiteSourceCodeAccess
LogPluginManager: Mounting plugin GitSourceControl
LogPluginManager: Mounting plugin KDevelopSourceCodeAccess
LogPluginManager: Mounting plugin NullSourceCodeAccess
LogPluginManager: Mounting plugin PerforceSourceControl
LogPluginManager: Mounting plugin SubversionSourceControl
LogPluginManager: Mounting plugin UObjectPlugin
LogPluginManager: Mounting plugin VisualStudioCodeSourceCodeAccess
LogPluginManager: Mounting plugin VisualStudioSourceCodeAccess
LogPluginManager: Mounting plugin XCodeSourceCodeAccess
LogPluginManager: Mounting plugin AssetManagerEditor
LogPluginManager: Mounting plugin CryptoKeys
LogPluginManager: Mounting plugin DataValidation
LogPluginManager: Mounting plugin FacialAnimation
LogPluginManager: Mounting plugin GameplayTagsEditor
LogPluginManager: Mounting plugin MacGraphicsSwitching
LogPluginManager: Mounting plugin MaterialAnalyzer
LogPluginManager: Mounting plugin MobileLauncherProfileWizard
LogPluginManager: Mounting plugin PluginBrowser
LogPluginManager: Mounting plugin SpeedTreeImporter
LogPluginManager: Mounting plugin DatasmithContent
LogPluginManager: Mounting plugin VariantManagerContent
LogPluginManager: Mounting plugin AlembicImporter
LogPluginManager: Mounting plugin AppleImageUtils
LogPluginManager: Mounting plugin AppleVision
LogPluginManager: Mounting plugin BackChannel
LogPluginManager: Mounting plugin CharacterAI
LogPluginManager: Mounting plugin GeometryCache
LogPluginManager: Mounting plugin HTML5Networking
LogPluginManager: Mounting plugin ProxyLODPlugin
LogPluginManager: Mounting plugin SkeletalReduction
LogPluginManager: Mounting plugin MagicLeap
LogPluginManager: Mounting plugin MagicLeapMedia
LogPluginManager: Mounting plugin AndroidMedia
LogPluginManager: Mounting plugin AvfMedia
LogPluginManager: Mounting plugin ImgMedia
LogPluginManager: Mounting plugin LinearTimecode
LogPluginManager: Mounting plugin MediaCompositing
LogPluginManager: Mounting plugin MediaPlayerEditor
LogPluginManager: Mounting plugin WebMMedia
LogPluginManager: Mounting plugin WmfMedia
LogPluginManager: Mounting plugin TcpMessaging
LogPluginManager: Mounting plugin UdpMessaging
LogPluginManager: Mounting plugin ActorSequence
LogPluginManager: Mounting plugin LevelSequenceEditor
LogPluginManager: Mounting plugin MatineeToLevelSequence
LogPluginManager: Mounting plugin NetcodeUnitTest
LogPluginManager: Mounting plugin NUTUnrealEngine4
LogPluginManager: Mounting plugin OnlineSubsystemGooglePlay
LogPluginManager: Mounting plugin OnlineSubsystemIOS
LogPluginManager: Mounting plugin OnlineSubsystem
LogPluginManager: Mounting plugin OnlineSubsystemNull
LogPluginManager: Mounting plugin OnlineSubsystemUtils
LogPluginManager: Mounting plugin LauncherChunkInstaller
LogPluginManager: Mounting plugin AndroidDeviceProfileSelector
LogPluginManager: Mounting plugin AndroidMoviePlayer
LogPluginManager: Mounting plugin AndroidPermission
LogPluginManager: Mounting plugin AppleMoviePlayer
LogPluginManager: Mounting plugin ArchVisCharacter
LogPluginManager: Mounting plugin AudioCapture
LogPluginManager: Mounting plugin CableComponent
LogPluginManager: Mounting plugin CustomMeshComponent
LogPluginManager: Mounting plugin EditableMesh
LogPluginManager: Mounting plugin ExampleDeviceProfileSelector
LogPluginManager: Mounting plugin Firebase
LogPluginManager: Mounting plugin GoogleCloudMessaging
LogPluginManager: Mounting plugin IOSDeviceProfileSelector
LogPluginManager: Mounting plugin LinuxDeviceProfileSelector
LogPluginManager: Mounting plugin LocationServicesBPLibrary
LogPluginManager: Mounting plugin MobilePatchingUtils
LogPluginManager: Mounting plugin OculusVR
LogPluginManager: Mounting plugin PhysXVehicles
LogPluginManager: Mounting plugin ProceduralMeshComponent
LogPluginManager: Mounting plugin RuntimePhysXCooking
LogPluginManager: Mounting plugin SignificanceManager
LogPluginManager: Mounting plugin SteamVR
LogPluginManager: Mounting plugin WebMMoviePlayer
LogPluginManager: Mounting plugin WindowsMoviePlayer
LogInit: Using libcurl 7.55.1-DEV
LogInit:  - built for x86_64-pc-win32
LogInit:  - supports SSL with OpenSSL/1.1.1
LogInit:  - supports HTTP deflate (compression) using libz 1.2.8
LogInit:  - other features:
LogInit:      CURL_VERSION_SSL
LogInit:      CURL_VERSION_LIBZ
LogInit:      CURL_VERSION_IPV6
LogInit:      CURL_VERSION_ASYNCHDNS
LogInit:      CURL_VERSION_LARGEFILE
LogInit:      CURL_VERSION_IDN
LogInit:  CurlRequestOptions (configurable via config and command line):
LogInit:  - bVerifyPeer = true  - Libcurl will verify peer certificate
LogInit:  - bUseHttpProxy = false  - Libcurl will NOT use HTTP proxy
LogInit:  - bDontReuseConnections = false  - Libcurl will reuse connections
LogInit:  - MaxHostConnections = 16  - Libcurl will limit the number of connections to a host
LogInit:  - LocalHostAddr = Default
LogInit:  - BufferSize = 65536
LogInit: WinSock: version 1.1 (2.2), MaxSocks=32767, MaxUdp=65467
LogInit: Build: ++UE4+Release-4.22-CL-7053642
LogInit: Engine Version: 4.22.3-7053642+++UE4+Release-4.22
LogInit: Compatible Engine Version: 4.22.0-5660361+++UE4+Release-4.22
LogInit: Net CL: 5660361
LogInit: OS: Windows 10 (Release 2009) (), CPU: Intel(R) Core(TM) i7-7700HQ CPU @ 2.80GHz, GPU: Intel(R) HD Graphics 630
LogInit: Compiled (64-bit): Jun 18 2019 03:09:11
LogInit: Compiled with Visual C++: 19.16.27025.01
LogInit: Build Configuration: Development
LogInit: Branch Name: ++UE4+Release-4.22
LogInit: Command Line: 
LogInit: Base Directory: D:/Unreal2/UE_4.22/Engine/Binaries/Win64/
LogInit: Installed Engine Build: 1
LogDevObjectVersion: Number of dev versions registered: 23
LogDevObjectVersion:   Dev-Blueprints (B0D832E4-1F89-4F0D-ACCF-7EB736FD4AA2): 10
LogDevObjectVersion:   Dev-Build (E1C64328-A22C-4D53-A36C-8E866417BD8C): 0
LogDevObjectVersion:   Dev-Core (375EC13C-06E4-48FB-B500-84F0262A717E): 3
LogDevObjectVersion:   Dev-Editor (E4B068ED-F494-42E9-A231-DA0B2E46BB41): 30
LogDevObjectVersion:   Dev-Framework (CFFC743F-43B0-4480-9391-14DF171D2073): 35
LogDevObjectVersion:   Dev-Mobile (B02B49B5-BB20-44E9-A304-32B752E40360): 2
LogDevObjectVersion:   Dev-Networking (A4E4105C-59A1-49B5-A7C5-40C4547EDFEE): 0
LogDevObjectVersion:   Dev-Online (39C831C9-5AE6-47DC-9A44-9C173E1C8E7C): 0
LogDevObjectVersion:   Dev-Physics (78F01B33-EBEA-4F98-B9B4-84EACCB95AA2): 0
LogDevObjectVersion:   Dev-Platform (6631380F-2D4D-43E0-8009-CF276956A95A): 0
LogDevObjectVersion:   Dev-Rendering (12F88B9F-8875-4AFC-A67C-D90C383ABD29): 28
LogDevObjectVersion:   Dev-Sequencer (7B5AE74C-D270-4C10-A958-57980B212A5A): 11
LogDevObjectVersion:   Dev-VR (D7296918-1DD6-4BDD-9DE2-64A83CC13884): 2
LogDevObjectVersion:   Dev-LoadTimes (C2A15278-BFE7-4AFE-6C17-90FF531DF755): 1
LogDevObjectVersion:   Private-Geometry (6EACA3D4-40EC-4CC1-B786-8BED09428FC5): 3
LogDevObjectVersion:   Dev-AnimPhys (29E575DD-E0A3-4627-9D10-D276232CDCEA): 17
LogDevObjectVersion:   Dev-Anim (AF43A65D-7FD3-4947-9873-3E8ED9C1BB05): 2
LogDevObjectVersion:   Dev-ReflectionCapture (6B266CEC-1EC7-4B8F-A30B-E4D90942FC07): 1
LogDevObjectVersion:   Dev-Automation (0DF73D61-A23F-47EA-B727-89E90C41499A): 1
LogDevObjectVersion:   FortniteMain (601D1886-AC64-4F84-AA16-D3DE0DEAC7D6): 25
LogDevObjectVersion:   Dev-Enterprise (9DFFBCD6-494F-0158-E221-12823C92A888): 6
LogDevObjectVersion:   Dev-Niagara (F2AED0AC-9AFE-416F-8664-AA7FFA26D6FC): 1
LogDevObjectVersion:   Dev-Destruction (174F1F0B-B4C6-45A5-B13F-2EE8D0FB917D): 2
LogInit: Presizing for max 16777216 objects, including 0 objects not considered by GC, pre-allocating 0 bytes for permanent pool.
LogInit: Object subsystem initialized
LogConfig: Setting CVar [[con.DebugEarlyDefault:1]]
LogConfig: Setting CVar [[r.setres:1280x720]]
[2021.08.18-21.21.07:935][  0]LogConfig: Setting CVar [[r.VSync:0]]
[2021.08.18-21.21.07:935][  0]LogConfig: Setting CVar [[r.RHICmdBypass:0]]
[2021.08.18-21.21.07:935][  0]LogConfig: Applying CVar settings from Section [/Script/Engine.RendererSettings] File [D:/Unreal/Jardin/Saved/Config/Windows/Engine.ini]
[2021.08.18-21.21.07:935][  0]LogConfig: Setting CVar [[r.GPUCrashDebugging:0]]
[2021.08.18-21.21.07:935][  0]LogConfig: Applying CVar settings from Section [/Script/Engine.RendererOverrideSettings] File [D:/Unreal/Jardin/Saved/Config/Windows/Engine.ini]
[2021.08.18-21.21.07:935][  0]LogConfig: Applying CVar settings from Section [/Script/Engine.StreamingSettings] File [D:/Unreal/Jardin/Saved/Config/Windows/Engine.ini]
[2021.08.18-21.21.07:935][  0]LogConfig: Setting CVar [[s.MinBulkDataSizeForAsyncLoading:131072]]
[2021.08.18-21.21.07:935][  0]LogConfig: Setting CVar [[s.AsyncLoadingThreadEnabled:0]]
[2021.08.18-21.21.07:935][  0]LogConfig: Setting CVar [[s.EventDrivenLoaderEnabled:1]]
[2021.08.18-21.21.07:935][  0]LogConfig: Setting CVar [[s.WarnIfTimeLimitExceeded:0]]
[2021.08.18-21.21.07:935][  0]LogConfig: Setting CVar [[s.TimeLimitExceededMultiplier:1.5]]
[2021.08.18-21.21.07:935][  0]LogConfig: Setting CVar [[s.TimeLimitExceededMinTime:0.005]]
[2021.08.18-21.21.07:935][  0]LogConfig: Setting CVar [[s.UseBackgroundLevelStreaming:1]]
[2021.08.18-21.21.07:935][  0]LogConfig: Setting CVar [[s.PriorityAsyncLoadingExtraTime:15.0]]
[2021.08.18-21.21.07:935][  0]LogConfig: Setting CVar [[s.LevelStreamingActorsUpdateTimeLimit:5.0]]
[2021.08.18-21.21.07:935][  0]LogConfig: Setting CVar [[s.PriorityLevelStreamingActorsUpdateExtraTime:5.0]]
[2021.08.18-21.21.07:935][  0]LogConfig: Setting CVar [[s.LevelStreamingComponentsRegistrationGranularity:10]]
[2021.08.18-21.21.07:935][  0]LogConfig: Setting CVar [[s.UnregisterComponentsTimeLimit:1.0]]
[2021.08.18-21.21.07:935][  0]LogConfig: Setting CVar [[s.LevelStreamingComponentsUnregistrationGranularity:5]]
[2021.08.18-21.21.07:935][  0]LogConfig: Applying CVar settings from Section [/Script/Engine.GarbageCollectionSettings] File [D:/Unreal/Jardin/Saved/Config/Windows/Engine.ini]
[2021.08.18-21.21.07:935][  0]LogConfig: Setting CVar [[gc.MaxObjectsNotConsideredByGC:1]]
[2021.08.18-21.21.07:935][  0]LogConfig: Setting CVar [[gc.SizeOfPermanentObjectPool:0]]
[2021.08.18-21.21.07:935][  0]LogConfig: Setting CVar [[gc.FlushStreamingOnGC:0]]
[2021.08.18-21.21.07:935][  0]LogConfig: Setting CVar [[gc.NumRetriesBeforeForcingGC:10]]
[2021.08.18-21.21.07:935][  0]LogConfig: Setting CVar [[gc.AllowParallelGC:1]]
[2021.08.18-21.21.07:935][  0]LogConfig: Setting CVar [[gc.TimeBetweenPurgingPendingKillObjects:61.1]]
[2021.08.18-21.21.07:935][  0]LogConfig: Setting CVar [[gc.MaxObjectsInEditor:16777216]]
[2021.08.18-21.21.07:935][  0]LogConfig: Setting CVar [[gc.IncrementalBeginDestroyEnabled:1]]
[2021.08.18-21.21.07:935][  0]LogConfig: Setting CVar [[gc.CreateGCClusters:1]]
[2021.08.18-21.21.07:935][  0]LogConfig: Setting CVar [[gc.MinGCClusterSize:5]]
[2021.08.18-21.21.07:935][  0]LogConfig: Setting CVar [[gc.ActorClusteringEnabled:0]]
[2021.08.18-21.21.07:935][  0]LogConfig: Setting CVar [[gc.BlueprintClusteringEnabled:0]]
[2021.08.18-21.21.07:935][  0]LogConfig: Setting CVar [[gc.UseDisregardForGCOnDedicatedServers:0]]
[2021.08.18-21.21.07:935][  0]LogConfig: Applying CVar settings from Section [/Script/Engine.NetworkSettings] File [D:/Unreal/Jardin/Saved/Config/Windows/Engine.ini]
[2021.08.18-21.21.07:935][  0]LogConfig: Applying CVar settings from Section [/Script/UnrealEd.CookerSettings] File [D:/Unreal/Jardin/Saved/Config/Windows/Engine.ini]
[2021.08.18-21.21.07:960][  0]LogConfig: Applying CVar settings from Section [ViewDistanceQuality@3] File [D:/Unreal/Jardin/Saved/Config/Windows/Scalability.ini]
[2021.08.18-21.21.07:960][  0]LogConfig: Setting CVar [[r.SkeletalMeshLODBias:0]]
[2021.08.18-21.21.07:960][  0]LogConfig: Setting CVar [[r.ViewDistanceScale:1.0]]
[2021.08.18-21.21.07:960][  0]LogConfig: Applying CVar settings from Section [AntiAliasingQuality@3] File [D:/Unreal/Jardin/Saved/Config/Windows/Scalability.ini]
[2021.08.18-21.21.07:960][  0]LogConfig: Setting CVar [[r.PostProcessAAQuality:4]]
[2021.08.18-21.21.07:960][  0]LogConfig: Applying CVar settings from Section [ShadowQuality@3] File [D:/Unreal/Jardin/Saved/Config/Windows/Scalability.ini]
[2021.08.18-21.21.07:960][  0]LogConfig: Setting CVar [[r.LightFunctionQuality:1]]
[2021.08.18-21.21.07:960][  0]LogConfig: Setting CVar [[r.ShadowQuality:5]]
[2021.08.18-21.21.07:960][  0]LogConfig: Setting CVar [[r.Shadow.CSM.MaxCascades:10]]
[2021.08.18-21.21.07:960][  0]LogConfig: Setting CVar [[r.Shadow.MaxResolution:2048]]
[2021.08.18-21.21.07:960][  0]LogConfig: Setting CVar [[r.Shadow.MaxCSMResolution:2048]]
[2021.08.18-21.21.07:960][  0]LogConfig: Setting CVar [[r.Shadow.RadiusThreshold:0.01]]
[2021.08.18-21.21.07:960][  0]LogConfig: Setting CVar [[r.Shadow.DistanceScale:1.0]]
[2021.08.18-21.21.07:960][  0]LogConfig: Setting CVar [[r.Shadow.CSM.TransitionScale:1.0]]
[2021.08.18-21.21.07:960][  0]LogConfig: Setting CVar [[r.Shadow.PreShadowResolutionFactor:1.0]]
[2021.08.18-21.21.07:960][  0]LogConfig: Setting CVar [[r.DistanceFieldShadowing:1]]
[2021.08.18-21.21.07:960][  0]LogConfig: Setting CVar [[r.DistanceFieldAO:1]]
[2021.08.18-21.21.07:960][  0]LogConfig: Setting CVar [[r.AOQuality:2]]
[2021.08.18-21.21.07:960][  0]LogConfig: Setting CVar [[r.VolumetricFog:1]]
[2021.08.18-21.21.07:960][  0]LogConfig: Setting CVar [[r.VolumetricFog.GridPixelSize:8]]
[2021.08.18-21.21.07:961][  0]LogConfig: Setting CVar [[r.VolumetricFog.GridSizeZ:128]]
[2021.08.18-21.21.07:961][  0]LogConfig: Setting CVar [[r.VolumetricFog.HistoryMissSupersampleCount:4]]
[2021.08.18-21.21.07:961][  0]LogConfig: Setting CVar [[r.LightMaxDrawDistanceScale:1]]
[2021.08.18-21.21.07:961][  0]LogConfig: Setting CVar [[r.CapsuleShadows:1]]
[2021.08.18-21.21.07:961][  0]LogConfig: Applying CVar settings from Section [PostProcessQuality@3] File [D:/Unreal/Jardin/Saved/Config/Windows/Scalability.ini]
[2021.08.18-21.21.07:961][  0]LogConfig: Setting CVar [[r.MotionBlurQuality:4]]
[2021.08.18-21.21.07:961][  0]LogConfig: Setting CVar [[r.AmbientOcclusionMipLevelFactor:0.4]]
[2021.08.18-21.21.07:961][  0]LogConfig: Setting CVar [[r.AmbientOcclusionMaxQuality:100]]
[2021.08.18-21.21.07:961][  0]LogConfig: Setting CVar [[r.AmbientOcclusionLevels:-1]]
[2021.08.18-21.21.07:961][  0]LogConfig: Setting CVar [[r.AmbientOcclusionRadiusScale:1.0]]
[2021.08.18-21.21.07:961][  0]LogConfig: Setting CVar [[r.DepthOfFieldQuality:2]]
[2021.08.18-21.21.07:961][  0]LogConfig: Setting CVar [[r.RenderTargetPoolMin:400]]
[2021.08.18-21.21.07:961][  0]LogConfig: Setting CVar [[r.LensFlareQuality:2]]
[2021.08.18-21.21.07:961][  0]LogConfig: Setting CVar [[r.SceneColorFringeQuality:1]]
[2021.08.18-21.21.07:961][  0]LogConfig: Setting CVar [[r.EyeAdaptationQuality:2]]
[2021.08.18-21.21.07:961][  0]LogConfig: Setting CVar [[r.BloomQuality:5]]
[2021.08.18-21.21.07:961][  0]LogConfig: Setting CVar [[r.FastBlurThreshold:100]]
[2021.08.18-21.21.07:961][  0]LogConfig: Setting CVar [[r.Upscale.Quality:3]]
[2021.08.18-21.21.07:961][  0]LogConfig: Setting CVar [[r.Tonemapper.GrainQuantization:1]]
[2021.08.18-21.21.07:961][  0]LogConfig: Setting CVar [[r.LightShaftQuality:1]]
[2021.08.18-21.21.07:961][  0]LogConfig: Setting CVar [[r.Filter.SizeScale:1]]
[2021.08.18-21.21.07:961][  0]LogConfig: Setting CVar [[r.Tonemapper.Quality:5]]
[2021.08.18-21.21.07:961][  0]LogConfig: Setting CVar [[r.DOF.Gather.AccumulatorQuality:1        ; higher gathering accumulator quality]]
[2021.08.18-21.21.07:961][  0]LogConfig: Setting CVar [[r.DOF.Gather.PostfilterMethod:1          ; Median3x3 postfilering method]]
[2021.08.18-21.21.07:961][  0]LogConfig: Setting CVar [[r.DOF.Gather.EnableBokehSettings:0       ; no bokeh simulation when gathering]]
[2021.08.18-21.21.07:961][  0]LogConfig: Setting CVar [[r.DOF.Gather.RingCount:4                 ; medium number of samples when gathering]]
[2021.08.18-21.21.07:961][  0]LogConfig: Setting CVar [[r.DOF.Scatter.ForegroundCompositing:1    ; additive foreground scattering]]
[2021.08.18-21.21.07:961][  0]LogConfig: Setting CVar [[r.DOF.Scatter.BackgroundCompositing:2    ; additive background scattering]]
[2021.08.18-21.21.07:961][  0]LogConfig: Setting CVar [[r.DOF.Scatter.EnableBokehSettings:1      ; bokeh simulation when scattering]]
[2021.08.18-21.21.07:961][  0]LogConfig: Setting CVar [[r.DOF.Scatter.MaxSpriteRatio:0.1         ; only a maximum of 10% of scattered bokeh]]
[2021.08.18-21.21.07:961][  0]LogConfig: Setting CVar [[r.DOF.Recombine.Quality:1                ; cheap slight out of focus]]
[2021.08.18-21.21.07:961][  0]LogConfig: Setting CVar [[r.DOF.Recombine.EnableBokehSettings:0    ; no bokeh simulation on slight out of focus]]
[2021.08.18-21.21.07:961][  0]LogConfig: Setting CVar [[r.DOF.TemporalAAQuality:1                ; more stable temporal accumulation]]
[2021.08.18-21.21.07:961][  0]LogConfig: Setting CVar [[r.DOF.Kernel.MaxForegroundRadius:0.025]]
[2021.08.18-21.21.07:961][  0]LogConfig: Setting CVar [[r.DOF.Kernel.MaxBackgroundRadius:0.025]]
[2021.08.18-21.21.07:961][  0]LogConfig: Applying CVar settings from Section [TextureQuality@3] File [D:/Unreal/Jardin/Saved/Config/Windows/Scalability.ini]
[2021.08.18-21.21.07:961][  0]LogConfig: Setting CVar [[r.Streaming.MipBias:0]]
[2021.08.18-21.21.07:961][  0]LogConfig: Setting CVar [[r.Streaming.AmortizeCPUToGPUCopy:0]]
[2021.08.18-21.21.07:961][  0]LogConfig: Setting CVar [[r.Streaming.MaxNumTexturesToStreamPerFrame:0]]
[2021.08.18-21.21.07:961][  0]LogConfig: Setting CVar [[r.Streaming.Boost:1]]
[2021.08.18-21.21.07:961][  0]LogConfig: Setting CVar [[r.MaxAnisotropy:8]]
[2021.08.18-21.21.07:961][  0]LogConfig: Setting CVar [[r.Streaming.LimitPoolSizeToVRAM:0]]
[2021.08.18-21.21.07:961][  0]LogConfig: Setting CVar [[r.Streaming.PoolSize:1000]]
[2021.08.18-21.21.07:961][  0]LogConfig: Setting CVar [[r.Streaming.MaxEffectiveScreenSize:0]]
[2021.08.18-21.21.07:961][  0]LogConfig: Applying CVar settings from Section [EffectsQuality@3] File [D:/Unreal/Jardin/Saved/Config/Windows/Scalability.ini]
[2021.08.18-21.21.07:961][  0]LogConfig: Setting CVar [[r.TranslucencyLightingVolumeDim:64]]
[2021.08.18-21.21.07:961][  0]LogConfig: Setting CVar [[r.RefractionQuality:2]]
[2021.08.18-21.21.07:961][  0]LogConfig: Setting CVar [[r.SSR.Quality:3]]
[2021.08.18-21.21.07:961][  0]LogConfig: Setting CVar [[r.SceneColorFormat:4]]
[2021.08.18-21.21.07:961][  0]LogConfig: Setting CVar [[r.DetailMode:2]]
[2021.08.18-21.21.07:961][  0]LogConfig: Setting CVar [[r.TranslucencyVolumeBlur:1]]
[2021.08.18-21.21.07:961][  0]LogConfig: Setting CVar [[r.MaterialQualityLevel:1 ; High quality]]
[2021.08.18-21.21.07:961][  0]LogConfig: Setting CVar [[r.SSS.Scale:1]]
[2021.08.18-21.21.07:961][  0]LogConfig: Setting CVar [[r.SSS.SampleSet:2]]
[2021.08.18-21.21.07:961][  0]LogConfig: Setting CVar [[r.SSS.Quality:1]]
[2021.08.18-21.21.07:961][  0]LogConfig: Setting CVar [[r.SSS.HalfRes:1]]
[2021.08.18-21.21.07:961][  0]LogConfig: Setting CVar [[r.EmitterSpawnRateScale:1.0]]
[2021.08.18-21.21.07:962][  0]LogConfig: Setting CVar [[r.ParticleLightQuality:2]]
[2021.08.18-21.21.07:962][  0]LogConfig: Applying CVar settings from Section [FoliageQuality@3] File [D:/Unreal/Jardin/Saved/Config/Windows/Scalability.ini]
[2021.08.18-21.21.07:962][  0]LogConfig: Setting CVar [[foliage.DensityScale:1.0]]
[2021.08.18-21.21.07:962][  0]LogConfig: Setting CVar [[grass.DensityScale:1.0]]
[2021.08.18-21.21.07:962][  0]LogInit: Selected Device Profile: [Windows]
[2021.08.18-21.21.07:962][  0]LogInit: Applying CVar settings loaded from the selected device profile: [Windows]
[2021.08.18-21.21.07:990][  0]LogHAL: Display: Platform has ~ 16 GB [17033236480 / 17179869184 / 16], which maps to Larger [LargestMinGB=32, LargerMinGB=12, DefaultMinGB=8, SmallerMinGB=6, SmallestMinGB=0)
[2021.08.18-21.21.07:990][  0]LogConfig: Setting CVar [[r.Vulkan.UseRealUBs:0		; Required until we fix HLR fall-out]]
[2021.08.18-21.21.07:990][  0]LogInit: Going up to parent DeviceProfile []
[2021.08.18-21.21.07:990][  0]LogConfig: Applying CVar settings from Section [ViewDistanceQuality@3] File [D:/Unreal/Jardin/Saved/Config/Windows/Scalability.ini]
[2021.08.18-21.21.07:990][  0]LogConfig: Setting CVar [[r.SkeletalMeshLODBias:0]]
[2021.08.18-21.21.07:990][  0]LogConfig: Setting CVar [[r.ViewDistanceScale:1.0]]
[2021.08.18-21.21.07:990][  0]LogConfig: Applying CVar settings from Section [AntiAliasingQuality@3] File [D:/Unreal/Jardin/Saved/Config/Windows/Scalability.ini]
[2021.08.18-21.21.07:990][  0]LogConfig: Setting CVar [[r.PostProcessAAQuality:4]]
[2021.08.18-21.21.07:990][  0]LogConfig: Applying CVar settings from Section [ShadowQuality@3] File [D:/Unreal/Jardin/Saved/Config/Windows/Scalability.ini]
[2021.08.18-21.21.07:990][  0]LogConfig: Setting CVar [[r.LightFunctionQuality:1]]
[2021.08.18-21.21.07:990][  0]LogConfig: Setting CVar [[r.ShadowQuality:5]]
[2021.08.18-21.21.07:990][  0]LogConfig: Setting CVar [[r.Shadow.CSM.MaxCascades:10]]
[2021.08.18-21.21.07:990][  0]LogConfig: Setting CVar [[r.Shadow.MaxResolution:2048]]
[2021.08.18-21.21.07:990][  0]LogConfig: Setting CVar [[r.Shadow.MaxCSMResolution:2048]]
[2021.08.18-21.21.07:990][  0]LogConfig: Setting CVar [[r.Shadow.RadiusThreshold:0.01]]
[2021.08.18-21.21.07:990][  0]LogConfig: Setting CVar [[r.Shadow.DistanceScale:1.0]]
[2021.08.18-21.21.07:990][  0]LogConfig: Setting CVar [[r.Shadow.CSM.TransitionScale:1.0]]
[2021.08.18-21.21.07:990][  0]LogConfig: Setting CVar [[r.Shadow.PreShadowResolutionFactor:1.0]]
[2021.08.18-21.21.07:990][  0]LogConfig: Setting CVar [[r.DistanceFieldShadowing:1]]
[2021.08.18-21.21.07:990][  0]LogConfig: Setting CVar [[r.DistanceFieldAO:1]]
[2021.08.18-21.21.07:990][  0]LogConfig: Setting CVar [[r.AOQuality:2]]
[2021.08.18-21.21.07:990][  0]LogConfig: Setting CVar [[r.VolumetricFog:1]]
[2021.08.18-21.21.07:990][  0]LogConfig: Setting CVar [[r.VolumetricFog.GridPixelSize:8]]
[2021.08.18-21.21.07:990][  0]LogConfig: Setting CVar [[r.VolumetricFog.GridSizeZ:128]]
[2021.08.18-21.21.07:990][  0]LogConfig: Setting CVar [[r.VolumetricFog.HistoryMissSupersampleCount:4]]
[2021.08.18-21.21.07:990][  0]LogConfig: Setting CVar [[r.LightMaxDrawDistanceScale:1]]
[2021.08.18-21.21.07:990][  0]LogConfig: Setting CVar [[r.CapsuleShadows:1]]
[2021.08.18-21.21.07:990][  0]LogConfig: Applying CVar settings from Section [PostProcessQuality@3] File [D:/Unreal/Jardin/Saved/Config/Windows/Scalability.ini]
[2021.08.18-21.21.07:990][  0]LogConfig: Setting CVar [[r.MotionBlurQuality:4]]
[2021.08.18-21.21.07:990][  0]LogConfig: Setting CVar [[r.AmbientOcclusionMipLevelFactor:0.4]]
[2021.08.18-21.21.07:990][  0]LogConfig: Setting CVar [[r.AmbientOcclusionMaxQuality:100]]
[2021.08.18-21.21.07:990][  0]LogConfig: Setting CVar [[r.AmbientOcclusionLevels:-1]]
[2021.08.18-21.21.07:990][  0]LogConfig: Setting CVar [[r.AmbientOcclusionRadiusScale:1.0]]
[2021.08.18-21.21.07:990][  0]LogConfig: Setting CVar [[r.DepthOfFieldQuality:2]]
[2021.08.18-21.21.07:990][  0]LogConfig: Setting CVar [[r.RenderTargetPoolMin:400]]
[2021.08.18-21.21.07:990][  0]LogConfig: Setting CVar [[r.LensFlareQuality:2]]
[2021.08.18-21.21.07:990][  0]LogConfig: Setting CVar [[r.SceneColorFringeQuality:1]]
[2021.08.18-21.21.07:990][  0]LogConfig: Setting CVar [[r.EyeAdaptationQuality:2]]
[2021.08.18-21.21.07:990][  0]LogConfig: Setting CVar [[r.BloomQuality:5]]
[2021.08.18-21.21.07:990][  0]LogConfig: Setting CVar [[r.FastBlurThreshold:100]]
[2021.08.18-21.21.07:990][  0]LogConfig: Setting CVar [[r.Upscale.Quality:3]]
[2021.08.18-21.21.07:990][  0]LogConfig: Setting CVar [[r.Tonemapper.GrainQuantization:1]]
[2021.08.18-21.21.07:990][  0]LogConfig: Setting CVar [[r.LightShaftQuality:1]]
[2021.08.18-21.21.07:990][  0]LogConfig: Setting CVar [[r.Filter.SizeScale:1]]
[2021.08.18-21.21.07:990][  0]LogConfig: Setting CVar [[r.Tonemapper.Quality:5]]
[2021.08.18-21.21.07:990][  0]LogConfig: Setting CVar [[r.DOF.Gather.AccumulatorQuality:1        ; higher gathering accumulator quality]]
[2021.08.18-21.21.07:991][  0]LogConfig: Setting CVar [[r.DOF.Gather.PostfilterMethod:1          ; Median3x3 postfilering method]]
[2021.08.18-21.21.07:991][  0]LogConfig: Setting CVar [[r.DOF.Gather.EnableBokehSettings:0       ; no bokeh simulation when gathering]]
[2021.08.18-21.21.07:991][  0]LogConfig: Setting CVar [[r.DOF.Gather.RingCount:4                 ; medium number of samples when gathering]]
[2021.08.18-21.21.07:991][  0]LogConfig: Setting CVar [[r.DOF.Scatter.ForegroundCompositing:1    ; additive foreground scattering]]
[2021.08.18-21.21.07:991][  0]LogConfig: Setting CVar [[r.DOF.Scatter.BackgroundCompositing:2    ; additive background scattering]]
[2021.08.18-21.21.07:991][  0]LogConfig: Setting CVar [[r.DOF.Scatter.EnableBokehSettings:1      ; bokeh simulation when scattering]]
[2021.08.18-21.21.07:991][  0]LogConfig: Setting CVar [[r.DOF.Scatter.MaxSpriteRatio:0.1         ; only a maximum of 10% of scattered bokeh]]
[2021.08.18-21.21.07:991][  0]LogConfig: Setting CVar [[r.DOF.Recombine.Quality:1                ; cheap slight out of focus]]
[2021.08.18-21.21.07:991][  0]LogConfig: Setting CVar [[r.DOF.Recombine.EnableBokehSettings:0    ; no bokeh simulation on slight out of focus]]
[2021.08.18-21.21.07:991][  0]LogConfig: Setting CVar [[r.DOF.TemporalAAQuality:1                ; more stable temporal accumulation]]
[2021.08.18-21.21.07:991][  0]LogConfig: Setting CVar [[r.DOF.Kernel.MaxForegroundRadius:0.025]]
[2021.08.18-21.21.07:991][  0]LogConfig: Setting CVar [[r.DOF.Kernel.MaxBackgroundRadius:0.025]]
[2021.08.18-21.21.07:991][  0]LogConfig: Applying CVar settings from Section [TextureQuality@3] File [D:/Unreal/Jardin/Saved/Config/Windows/Scalability.ini]
[2021.08.18-21.21.07:991][  0]LogConfig: Setting CVar [[r.Streaming.MipBias:0]]
[2021.08.18-21.21.07:991][  0]LogConfig: Setting CVar [[r.Streaming.AmortizeCPUToGPUCopy:0]]
[2021.08.18-21.21.07:991][  0]LogConfig: Setting CVar [[r.Streaming.MaxNumTexturesToStreamPerFrame:0]]
[2021.08.18-21.21.07:991][  0]LogConfig: Setting CVar [[r.Streaming.Boost:1]]
[2021.08.18-21.21.07:991][  0]LogConfig: Setting CVar [[r.MaxAnisotropy:8]]
[2021.08.18-21.21.07:991][  0]LogConfig: Setting CVar [[r.Streaming.LimitPoolSizeToVRAM:0]]
[2021.08.18-21.21.07:991][  0]LogConfig: Setting CVar [[r.Streaming.PoolSize:1000]]
[2021.08.18-21.21.07:991][  0]LogConfig: Setting CVar [[r.Streaming.MaxEffectiveScreenSize:0]]
[2021.08.18-21.21.07:991][  0]LogConfig: Applying CVar settings from Section [EffectsQuality@3] File [D:/Unreal/Jardin/Saved/Config/Windows/Scalability.ini]
[2021.08.18-21.21.07:991][  0]LogConfig: Setting CVar [[r.TranslucencyLightingVolumeDim:64]]
[2021.08.18-21.21.07:991][  0]LogConfig: Setting CVar [[r.RefractionQuality:2]]
[2021.08.18-21.21.07:991][  0]LogConfig: Setting CVar [[r.SSR.Quality:3]]
[2021.08.18-21.21.07:991][  0]LogConfig: Setting CVar [[r.SceneColorFormat:4]]
[2021.08.18-21.21.07:991][  0]LogConfig: Setting CVar [[r.DetailMode:2]]
[2021.08.18-21.21.07:991][  0]LogConfig: Setting CVar [[r.TranslucencyVolumeBlur:1]]
[2021.08.18-21.21.07:991][  0]LogConfig: Setting CVar [[r.MaterialQualityLevel:1 ; High quality]]
[2021.08.18-21.21.07:991][  0]LogConfig: Setting CVar [[r.SSS.Scale:1]]
[2021.08.18-21.21.07:991][  0]LogConfig: Setting CVar [[r.SSS.SampleSet:2]]
[2021.08.18-21.21.07:991][  0]LogConfig: Setting CVar [[r.SSS.Quality:1]]
[2021.08.18-21.21.07:991][  0]LogConfig: Setting CVar [[r.SSS.HalfRes:1]]
[2021.08.18-21.21.07:991][  0]LogConfig: Setting CVar [[r.EmitterSpawnRateScale:1.0]]
[2021.08.18-21.21.07:991][  0]LogConfig: Setting CVar [[r.ParticleLightQuality:2]]
[2021.08.18-21.21.07:991][  0]LogConfig: Applying CVar settings from Section [FoliageQuality@3] File [D:/Unreal/Jardin/Saved/Config/Windows/Scalability.ini]
[2021.08.18-21.21.07:991][  0]LogConfig: Setting CVar [[foliage.DensityScale:1.0]]
[2021.08.18-21.21.07:991][  0]LogConfig: Setting CVar [[grass.DensityScale:1.0]]
[2021.08.18-21.21.07:991][  0]LogConfig: Applying CVar settings from Section [Startup] File [../../../Engine/Config/ConsoleVariables.ini]
[2021.08.18-21.21.07:992][  0]LogConfig: Setting CVar [[net.UseAdaptiveNetUpdateFrequency:0]]
[2021.08.18-21.21.07:992][  0]LogConfig: Setting CVar [[p.chaos.AllowCreatePhysxBodies:1]]
[2021.08.18-21.21.07:992][  0]LogConfig: Applying CVar settings from Section [ConsoleVariables] File [D:/Unreal/Jardin/Saved/Config/Windows/Engine.ini]
[2021.08.18-21.21.07:992][  0]LogInit: Computer: LAPTOP-C6RPA4MD
[2021.08.18-21.21.07:992][  0]LogInit: User: Paco
[2021.08.18-21.21.07:992][  0]LogInit: CPU Page size=4096, Cores=4
[2021.08.18-21.21.07:992][  0]LogInit: High frequency timer resolution =10.000000 MHz
[2021.08.18-21.21.07:992][  0]LogMemory: Memory total: Physical=15.9GB (16GB approx)
[2021.08.18-21.21.07:992][  0]LogMemory: Platform Memory Stats for Windows
[2021.08.18-21.21.07:992][  0]LogMemory: Process Physical Memory: 96.89 MB used, 96.89 MB peak
[2021.08.18-21.21.07:992][  0]LogMemory: Process Virtual Memory: 90.48 MB used, 90.48 MB peak
[2021.08.18-21.21.07:992][  0]LogMemory: Physical Memory: 7324.79 MB used,  8919.37 MB free, 16244.16 MB total
[2021.08.18-21.21.07:992][  0]LogMemory: Virtual Memory: 4644.19 MB used,  134213080.00 MB free, 134217728.00 MB total
[2021.08.18-21.21.08:098][  0]LogInit: Using OS detected language (es-ES).
[2021.08.18-21.21.08:098][  0]LogInit: Using OS detected locale (es-MX).
[2021.08.18-21.21.08:100][  0]LogTextLocalizationManager: No specific localization for 'es-ES' exists, so the 'es' localization will be used.
[2021.08.18-21.21.08:181][  0]LogInit: Setting process to per monitor DPI aware
[2021.08.18-21.21.08:248][  0]LogSlate: New Slate User Created.  User Index 0, Is Virtual User: 0
[2021.08.18-21.21.08:248][  0]LogSlate: Slate User Registered.  User Index 0, Is Virtual User: 0
[2021.08.18-21.21.08:797][  0]LogHMD: Failed to initialize OpenVR with code 110
[2021.08.18-21.21.08:797][  0]LogD3D11RHI: D3D11 adapters:
[2021.08.18-21.21.08:990][  0]LogD3D11RHI:    0. 'NVIDIA GeForce GTX 1060' (Feature Level 11_0)
[2021.08.18-21.21.08:990][  0]LogD3D11RHI:       6052/0/8122 MB DedicatedVideo/DedicatedSystem/SharedSystem, Outputs:2, VendorId:0x10de
[2021.08.18-21.21.09:052][  0]LogD3D11RHI:    1. 'Intel(R) HD Graphics 630' (Feature Level 11_0)
[2021.08.18-21.21.09:052][  0]LogD3D11RHI:       128/0/8122 MB DedicatedVideo/DedicatedSystem/SharedSystem, Outputs:0, VendorId:0x8086
[2021.08.18-21.21.09:057][  0]LogD3D11RHI:    2. 'Microsoft Basic Render Driver' (Feature Level 11_0)
[2021.08.18-21.21.09:057][  0]LogD3D11RHI:       0/0/8122 MB DedicatedVideo/DedicatedSystem/SharedSystem, Outputs:0, VendorId:0x1414
[2021.08.18-21.21.09:057][  0]LogD3D11RHI: Chosen D3D11 Adapter: 0
[2021.08.18-21.21.09:067][  0]LogD3D11RHI: Creating new Direct3DDevice
[2021.08.18-21.21.09:067][  0]LogD3D11RHI:     GPU DeviceId: 0x1c20 (for the marketing name, search the web for "GPU Device Id")
[2021.08.18-21.21.09:067][  0]LogWindows: EnumDisplayDevices:
[2021.08.18-21.21.09:067][  0]LogWindows:    0. 'Intel(R) HD Graphics 630' (P:1 D:1)
[2021.08.18-21.21.09:068][  0]LogWindows:    1. 'Intel(R) HD Graphics 630' (P:0 D:0)
[2021.08.18-21.21.09:068][  0]LogWindows:    2. 'Intel(R) HD Graphics 630' (P:0 D:0)
[2021.08.18-21.21.09:068][  0]LogWindows:    3. 'NVIDIA GeForce GTX 1060' (P:0 D:1)
[2021.08.18-21.21.09:069][  0]LogWindows:    4. 'NVIDIA GeForce GTX 1060' (P:0 D:0)
[2021.08.18-21.21.09:069][  0]LogWindows:    5. 'NVIDIA GeForce GTX 1060' (P:0 D:0)
[2021.08.18-21.21.09:069][  0]LogWindows:    6. 'NVIDIA GeForce GTX 1060' (P:0 D:0)
[2021.08.18-21.21.09:069][  0]LogWindows: DebugString: PrimaryIsNotTheChoosenAdapter PrimaryIsNotTheChoosenAdapter PrimaryIsNotTheChoosenAdapter FoundDriverCount:4 
[2021.08.18-21.21.09:069][  0]LogD3D11RHI:     Adapter Name: NVIDIA GeForce GTX 1060
[2021.08.18-21.21.09:069][  0]LogD3D11RHI:   Driver Version: 471.41 (internal:30.0.14.7141, unified:471.41)
[2021.08.18-21.21.09:069][  0]LogD3D11RHI:      Driver Date: 7-12-2021
[2021.08.18-21.21.09:069][  0]LogRHI: Texture pool is 4236 MB (70% of 6052 MB)
[2021.08.18-21.21.09:193][  0]LogD3D11RHI: Async texture creation enabled
[2021.08.18-21.21.09:205][  0]LogRendererCore: FGlobalReadBuffer::InitRHI
[2021.08.18-21.21.09:205][  0]LogRendererCore: FGlobalReadBuffer::InitRHI
[2021.08.18-21.21.09:205][  0]LogRendererCore: FGlobalReadBuffer::InitRHI
[2021.08.18-21.21.09:218][  0]LogD3D11RHI: GPU Timing Frequency: 1000.000000 (Debug: 2 1)
[2021.08.18-21.21.09:815][  0]LogTemp: Display: Module 'AllDesktopTargetPlatform' loaded TargetPlatform 'AllDesktop'
[2021.08.18-21.21.09:834][  0]LogTemp: Display: Module 'MacClientTargetPlatform' loaded TargetPlatform 'MacClient'
[2021.08.18-21.21.09:859][  0]LogTemp: Display: Module 'MacNoEditorTargetPlatform' loaded TargetPlatform 'MacNoEditor'
[2021.08.18-21.21.09:880][  0]LogTemp: Display: Module 'MacServerTargetPlatform' loaded TargetPlatform 'MacServer'
[2021.08.18-21.21.09:901][  0]LogTemp: Display: Module 'MacTargetPlatform' loaded TargetPlatform 'Mac'
[2021.08.18-21.21.09:918][  0]LogTemp: Display: Module 'WindowsClientTargetPlatform' loaded TargetPlatform 'WindowsClient'
[2021.08.18-21.21.09:940][  0]LogTemp: Display: Module 'WindowsNoEditorTargetPlatform' loaded TargetPlatform 'WindowsNoEditor'
[2021.08.18-21.21.09:958][  0]LogTemp: Display: Module 'WindowsServerTargetPlatform' loaded TargetPlatform 'WindowsServer'
[2021.08.18-21.21.09:967][  0]LogTemp: Display: Module 'WindowsTargetPlatform' loaded TargetPlatform 'Windows'
[2021.08.18-21.21.10:080][  0]LogTemp: Display: Module 'AndroidTargetPlatform' loaded TargetPlatform 'Android'
[2021.08.18-21.21.10:080][  0]LogTemp: Display: Module 'AndroidTargetPlatform' loaded TargetPlatform 'Android_ASTC'
[2021.08.18-21.21.10:080][  0]LogTemp: Display: Module 'AndroidTargetPlatform' loaded TargetPlatform 'Android_ATC'
[2021.08.18-21.21.10:080][  0]LogTemp: Display: Module 'AndroidTargetPlatform' loaded TargetPlatform 'Android_DXT'
[2021.08.18-21.21.10:080][  0]LogTemp: Display: Module 'AndroidTargetPlatform' loaded TargetPlatform 'Android_ETC1'
[2021.08.18-21.21.10:080][  0]LogTemp: Display: Module 'AndroidTargetPlatform' loaded TargetPlatform 'Android_ETC1a'
[2021.08.18-21.21.10:080][  0]LogTemp: Display: Module 'AndroidTargetPlatform' loaded TargetPlatform 'Android_ETC2'
[2021.08.18-21.21.10:080][  0]LogTemp: Display: Module 'AndroidTargetPlatform' loaded TargetPlatform 'Android_PVRTC'
[2021.08.18-21.21.10:080][  0]LogTemp: Display: Module 'AndroidTargetPlatform' loaded TargetPlatform 'AndroidClient'
[2021.08.18-21.21.10:080][  0]LogTemp: Display: Module 'AndroidTargetPlatform' loaded TargetPlatform 'Android_ASTCClient'
[2021.08.18-21.21.10:080][  0]LogTemp: Display: Module 'AndroidTargetPlatform' loaded TargetPlatform 'Android_ATCClient'
[2021.08.18-21.21.10:080][  0]LogTemp: Display: Module 'AndroidTargetPlatform' loaded TargetPlatform 'Android_DXTClient'
[2021.08.18-21.21.10:080][  0]LogTemp: Display: Module 'AndroidTargetPlatform' loaded TargetPlatform 'Android_ETC1Client'
[2021.08.18-21.21.10:080][  0]LogTemp: Display: Module 'AndroidTargetPlatform' loaded TargetPlatform 'Android_ETC1aClient'
[2021.08.18-21.21.10:080][  0]LogTemp: Display: Module 'AndroidTargetPlatform' loaded TargetPlatform 'Android_ETC2Client'
[2021.08.18-21.21.10:080][  0]LogTemp: Display: Module 'AndroidTargetPlatform' loaded TargetPlatform 'Android_PVRTCClient'
[2021.08.18-21.21.10:080][  0]LogTemp: Display: Module 'AndroidTargetPlatform' loaded TargetPlatform 'Android_Multi'
[2021.08.18-21.21.10:080][  0]LogTemp: Display: Module 'AndroidTargetPlatform' loaded TargetPlatform 'Android_MultiClient'
[2021.08.18-21.21.10:082][  0]LogTemp: Display: Module 'HTML5TargetPlatform' loaded TargetPlatform 'HTML5'
[2021.08.18-21.21.10:142][  0]LogTemp: Display: Module 'IOSTargetPlatform' loaded TargetPlatform 'IOSClient'
[2021.08.18-21.21.10:142][  0]LogTemp: Display: Module 'IOSTargetPlatform' loaded TargetPlatform 'IOS'
[2021.08.18-21.21.10:176][  0]LogTemp: Display: Module 'TVOSTargetPlatform' loaded TargetPlatform 'TVOSClient'
[2021.08.18-21.21.10:176][  0]LogTemp: Display: Module 'TVOSTargetPlatform' loaded TargetPlatform 'TVOS'
[2021.08.18-21.21.10:191][  0]LogTemp: Display: Module 'LinuxClientTargetPlatform' loaded TargetPlatform 'LinuxClient'
[2021.08.18-21.21.10:213][  0]LogTemp: Display: Module 'LinuxNoEditorTargetPlatform' loaded TargetPlatform 'LinuxNoEditor'
[2021.08.18-21.21.10:233][  0]LogTemp: Display: Module 'LinuxServerTargetPlatform' loaded TargetPlatform 'LinuxServer'
[2021.08.18-21.21.10:251][  0]LogTemp: Display: Module 'LinuxTargetPlatform' loaded TargetPlatform 'Linux'
[2021.08.18-21.21.10:317][  0]LogTemp: Display: Module 'LuminTargetPlatform' loaded TargetPlatform 'Lumin'
[2021.08.18-21.21.10:317][  0]LogTemp: Display: Module 'LuminTargetPlatform' loaded TargetPlatform 'LuminClient'
[2021.08.18-21.21.10:317][  0]LogTargetPlatformManager: Display: Building Assets For Windows
[2021.08.18-21.21.10:337][  0]LogAudioDebug: Display: Lib vorbis DLL was dynamically loaded.
[2021.08.18-21.21.10:432][  0]LogShaderCompilers: Guid format shader working directory is 17 characters bigger than the processId version (../../../../../Unreal/Jardin/Intermediate/Shaders/WorkingDirectory/23092/).
[2021.08.18-21.21.10:432][  0]LogShaderCompilers: Cleaned the shader compiler working directory 'C:/Users/Paco_/AppData/Local/Temp/UnrealShaderWorkingDir/1B295ECB4CCE5147D7C1D1B83B8358FC/'.
[2021.08.18-21.21.10:436][  0]LogXGEController: Cannot use XGE Controller as Incredibuild is not installed on this machine.
[2021.08.18-21.21.10:436][  0]LogShaderCompilers: Cannot use XGE Shader Compiler as Incredibuild is not installed on this machine.
[2021.08.18-21.21.10:436][  0]LogShaderCompilers: Display: Using Local Shader Compiler.
[2021.08.18-21.21.11:411][  0]LogDerivedDataCache: Display: Max Cache Size: 512 MB
[2021.08.18-21.21.11:504][  0]LogDerivedDataCache: Loaded boot cache 0.09s 71MB C:/Users/Paco_/AppData/Local/UnrealEngine/4.22/DerivedDataCache/Boot.ddc.
[2021.08.18-21.21.11:504][  0]LogDerivedDataCache: Display: Loaded Boot cache: C:/Users/Paco_/AppData/Local/UnrealEngine/4.22/DerivedDataCache/Boot.ddc
[2021.08.18-21.21.11:504][  0]LogDerivedDataCache: FDerivedDataBackendGraph:  Pak pak cache file ../../../../../Unreal/Jardin/DerivedDataCache/DDC.ddp not found, will not use a pak cache.
[2021.08.18-21.21.11:504][  0]LogDerivedDataCache: Unable to find inner node Pak for hierarchical cache Hierarchy.
[2021.08.18-21.21.11:505][  0]LogDerivedDataCache: FDerivedDataBackendGraph:  CompressedPak pak cache file ../../../../../Unreal/Jardin/DerivedDataCache/Compressed.ddp not found, will not use a pak cache.
[2021.08.18-21.21.11:505][  0]LogDerivedDataCache: Unable to find inner node CompressedPak for hierarchical cache Hierarchy.
[2021.08.18-21.21.11:524][  0]LogDerivedDataCache: Display: Pak cache opened for reading ../../../Engine/DerivedDataCache/Compressed.ddp.
[2021.08.18-21.21.11:525][  0]LogDerivedDataCache: FDerivedDataBackendGraph:  EnterprisePak pak cache file ../../../Enterprise/DerivedDataCache/Compressed.ddp not found, will not use a pak cache.
[2021.08.18-21.21.11:525][  0]LogDerivedDataCache: Unable to find inner node EnterprisePak for hierarchical cache Hierarchy.
[2021.08.18-21.21.11:539][  0]LogDerivedDataCache: Using Local data cache path C:/Users/Paco_/AppData/Local/UnrealEngine/Common/DerivedDataCache: Writable
[2021.08.18-21.21.11:539][  0]LogDerivedDataCache: Shared data cache path not found in *engine.ini, will not use an Shared cache.
[2021.08.18-21.21.11:539][  0]LogDerivedDataCache: Unable to find inner node Shared for hierarchical cache Hierarchy.
[2021.08.18-21.21.11:584][  0]LogMaterial: Verifying Global Shaders for PCD3D_SM5
[2021.08.18-21.21.11:590][  0]LogSlate: Using FreeType 2.6.0
[2021.08.18-21.21.11:593][  0]LogSlate: SlateFontServices - WITH_FREETYPE: 1, WITH_HARFBUZZ: 1
[2021.08.18-21.21.11:801][  0]LogAssetRegistry: FAssetRegistry took 0.0357 seconds to start up
[2021.08.18-21.21.12:283][  0]LogInit: Selected Device Profile: [Windows]
[2021.08.18-21.21.12:575][  0]LogMeshReduction: Using QuadricMeshReduction for automatic static mesh reduction
[2021.08.18-21.21.12:575][  0]LogMeshReduction: Using SimplygonMeshReduction for automatic skeletal mesh reduction
[2021.08.18-21.21.12:575][  0]LogMeshReduction: Using ProxyLODMeshReduction for automatic mesh merging
[2021.08.18-21.21.12:575][  0]LogMeshReduction: No distributed automatic mesh merging module available
[2021.08.18-21.21.12:575][  0]LogMeshMerging: No distributed automatic mesh merging module available
[2021.08.18-21.21.12:605][  0]LogNetVersion: Jardin 1.0.0, NetCL: 5660361, EngineNetVer: 10, GameNetVer: 0 (Checksum: 1314791250)
[2021.08.18-21.21.13:674][  0]LogPackageLocalizationCache: Processed 10 localized package path(s) for 1 prioritized culture(s) in 0.357605 seconds
[2021.08.18-21.21.13:685][  0]LogUObjectArray: 42205 objects as part of root set at end of initial load.
[2021.08.18-21.21.13:685][  0]LogUObjectAllocator: 7325032 out of 0 bytes used by permanent object pool.
[2021.08.18-21.21.13:685][  0]LogUObjectArray: CloseDisregardForGC: 0/0 objects in disregard for GC pool
[2021.08.18-21.21.15:250][  0]LogTcpMessaging: Initializing TcpMessaging bridge
[2021.08.18-21.21.15:263][  0]LogUdpMessaging: Initializing bridge on interface 0.0.0.0:0 to multicast group 230.0.0.1:6666.
[2021.08.18-21.21.15:497][  0]SourceControl: El control de código fuente está desactivado
[2021.08.18-21.21.15:498][  0]SourceControl: El control de código fuente está desactivado
[2021.08.18-21.21.15:502][  0]SourceControl: El control de código fuente está desactivado
[2021.08.18-21.21.15:505][  0]SourceControl: El control de código fuente está desactivado
[2021.08.18-21.21.15:802][  0]LogAndroidPermission: UAndroidPermissionCallbackProxy::GetInstance
[2021.08.18-21.21.16:033][  0]LogOcInput: OculusInput pre-init called
[2021.08.18-21.21.17:436][  0]LogEngine: Initializing Engine...
[2021.08.18-21.21.17:438][  0]LogHMD: Failed to initialize OpenVR with code 110
[2021.08.18-21.21.17:441][  0]LogStats: UGameplayTagsManager::InitializeManager -  0.001 s
[2021.08.18-21.21.17:942][  0]LogInit: Initializing FReadOnlyCVARCache
[2021.08.18-21.21.17:964][  0]LogAIModule: Creating AISystem for world Untitled
[2021.08.18-21.21.18:014][  0]LogInit: XAudio2 using 'Altavoces (Realtek High Definition Audio)' : 2 channels at 48 kHz using 32 bits per sample (channel mask 0x3)
[2021.08.18-21.21.18:065][  0]LogInit: FAudioDevice initialized.
[2021.08.18-21.21.18:065][  0]LogNetVersion: Set ProjectVersion to 1.0.0.0. Version Checksum will be recalculated on next use.
[2021.08.18-21.21.18:165][  0]LogDerivedDataCache: Saved boot cache 0.10s 71MB C:/Users/Paco_/AppData/Local/UnrealEngine/4.22/DerivedDataCache/Boot.ddc.
[2021.08.18-21.21.18:172][  0]LogInit: Texture streaming: Enabled
[2021.08.18-21.21.18:210][  0]LogEngineSessionManager: EngineSessionManager initialized
[2021.08.18-21.21.18:339][  0]LogInit: Transaction tracking system initialized
[2021.08.18-21.21.18:392][  0]BlueprintLog: New page: Cargar el editor
[2021.08.18-21.21.18:607][  0]LocalizationService: Localization service is disabled
[2021.08.18-21.21.20:179][  0]LogCook: Display: Max memory allowance for cook 16384mb min free memory 0mb
[2021.08.18-21.21.20:179][  0]LogCook: Display: Mobile HDR setting 1
[2021.08.18-21.21.20:519][  0]LogFileCache: Scanning file cache for directory 'D:/Unreal/Jardin/Content/' took 0.06s
[2021.08.18-21.21.20:519][  0]SourceControl: El control de código fuente está desactivado
[2021.08.18-21.21.20:519][  0]Cmd: MAP LOAD FILE="../../../../../Unreal/Jardin/Content/ThirdPersonBP/Maps/ThirdPersonExampleMap.umap" TEMPLATE=0 SHOWPROGRESS=1 FEATURELEVEL=3
[2021.08.18-21.21.20:856][  0]LightingResults: New page: Diseñar la iluminación
[2021.08.18-21.21.20:861][  0]MapCheck: New page: Revisión del mapa
[2021.08.18-21.21.20:861][  0]LightingResults: New page: Diseñar la iluminación
[2021.08.18-21.21.20:890][  0]LogUObjectHash: Compacting FUObjectHashTables data took   2.31ms
[2021.08.18-21.21.23:597][  0]LogAIModule: Creating AISystem for world ThirdPersonExampleMap
[2021.08.18-21.21.23:687][  0]LogEditorServer: Finished looking for orphan Actors (0.000 secs)
[2021.08.18-21.21.23:728][  0]LogUObjectHash: Compacting FUObjectHashTables data took   5.54ms
[2021.08.18-21.21.23:730][  0]Cmd: MAP CHECKDEP NOCLEARLOG
[2021.08.18-21.21.23:730][  0]MapCheck: Map check complete: 0 Error(s), 0 Warning(s), took 0.337ms to complete.
[2021.08.18-21.21.23:731][  0]LogFileHelpers: Loading map 'ThirdPersonExampleMap' took 3.212
[2021.08.18-21.21.24:464][  0]LogSlate: Updating window title bar state: overlay mode, drag disabled, window buttons hidden, title bar hidden
[2021.08.18-21.21.24:478][  0]LogSlate: Updating window title bar state: overlay mode, drag disabled, window buttons hidden, title bar hidden
[2021.08.18-21.21.24:495][  0]LogSlate: Updating window title bar state: overlay mode, drag disabled, window buttons hidden, title bar hidden
[2021.08.18-21.21.24:513][  0]LogSlate: Updating window title bar state: overlay mode, drag disabled, window buttons hidden, title bar hidden
[2021.08.18-21.21.24:643][  0]LogCollectionManager: Loaded 0 collections in 0.034465 seconds
[2021.08.18-21.21.24:798][  0]LogFileCache: Scanning file cache for directory 'D:/Unreal/Jardin/Saved/Collections/' took 0.01s
[2021.08.18-21.21.24:798][  0]LogFileCache: Scanning file cache for directory 'D:/Unreal/Jardin/Content/Developers/Paco/Collections/' took 0.01s
[2021.08.18-21.21.24:798][  0]LogFileCache: Scanning file cache for directory 'D:/Unreal/Jardin/Content/Collections/' took 0.01s
[2021.08.18-21.21.24:798][  0]LogCollectionManager: Rebuilt the GUID cache for 0 collections in 0.000001 seconds
[2021.08.18-21.21.24:824][  0]LogContentBrowser: Native class hierarchy populated in 0.0216 seconds. Added 2732 classes and 659 folders.
[2021.08.18-21.21.24:958][  0]LogContentBrowser: Native class hierarchy updated for 'WidgetCarousel' in 0.0004 seconds. Added 0 classes and 0 folders.
[2021.08.18-21.21.25:080][  0]LogPakFile: Registered encryption key '00000000000000000000000000000000': 0 pak files mounted, 0 remain pending
[2021.08.18-21.21.25:151][  0]LogPakFile: Registered encryption key '00000000000000000000000000000000': 0 pak files mounted, 0 remain pending
[2021.08.18-21.21.25:162][  0]LogPakFile: Registered encryption key '00000000000000000000000000000000': 0 pak files mounted, 0 remain pending
[2021.08.18-21.21.25:237][  0]LogPakFile: Registered encryption key '00000000000000000000000000000000': 0 pak files mounted, 0 remain pending
[2021.08.18-21.21.25:252][  0]LogPakFile: Registered encryption key '00000000000000000000000000000000': 0 pak files mounted, 0 remain pending
[2021.08.18-21.21.25:277][  0]LogPakFile: Registered encryption key '00000000000000000000000000000000': 0 pak files mounted, 0 remain pending
[2021.08.18-21.21.25:339][  0]LogPakFile: Registered encryption key '00000000000000000000000000000000': 0 pak files mounted, 0 remain pending
[2021.08.18-21.21.25:360][  0]LogPakFile: Registered encryption key '00000000000000000000000000000000': 0 pak files mounted, 0 remain pending
[2021.08.18-21.21.25:378][  0]LogPakFile: Registered encryption key '00000000000000000000000000000000': 0 pak files mounted, 0 remain pending
[2021.08.18-21.21.25:470][  0]LogPakFile: Registered encryption key '00000000000000000000000000000000': 0 pak files mounted, 0 remain pending
[2021.08.18-21.21.25:491][  0]LogPakFile: Registered encryption key '00000000000000000000000000000000': 0 pak files mounted, 0 remain pending
[2021.08.18-21.21.25:504][  0]LogPakFile: Registered encryption key '00000000000000000000000000000000': 0 pak files mounted, 0 remain pending
[2021.08.18-21.21.25:518][  0]LogPakFile: Registered encryption key '00000000000000000000000000000000': 0 pak files mounted, 0 remain pending
[2021.08.18-21.21.25:557][  0]LogPakFile: Registered encryption key '00000000000000000000000000000000': 0 pak files mounted, 0 remain pending
[2021.08.18-21.21.25:576][  0]LogPakFile: Registered encryption key '00000000000000000000000000000000': 0 pak files mounted, 0 remain pending
[2021.08.18-21.21.25:594][  0]LogPakFile: Registered encryption key '00000000000000000000000000000000': 0 pak files mounted, 0 remain pending
[2021.08.18-21.21.25:633][  0]LogPakFile: Registered encryption key '00000000000000000000000000000000': 0 pak files mounted, 0 remain pending
[2021.08.18-21.21.25:721][  0]LogPakFile: Registered encryption key '00000000000000000000000000000000': 0 pak files mounted, 0 remain pending
[2021.08.18-21.21.25:749][  0]LogPakFile: Registered encryption key '00000000000000000000000000000000': 0 pak files mounted, 0 remain pending
[2021.08.18-21.21.25:767][  0]LogPakFile: Registered encryption key '00000000000000000000000000000000': 0 pak files mounted, 0 remain pending
[2021.08.18-21.21.25:786][  0]LogPakFile: Registered encryption key '00000000000000000000000000000000': 0 pak files mounted, 0 remain pending
[2021.08.18-21.21.25:821][  0]LogPakFile: Registered encryption key '00000000000000000000000000000000': 0 pak files mounted, 0 remain pending
[2021.08.18-21.21.25:839][  0]LogPakFile: Registered encryption key '00000000000000000000000000000000': 0 pak files mounted, 0 remain pending
[2021.08.18-21.21.25:870][  0]LogPakFile: Registered encryption key '00000000000000000000000000000000': 0 pak files mounted, 0 remain pending
[2021.08.18-21.21.25:904][  0]LogPakFile: Registered encryption key '00000000000000000000000000000000': 0 pak files mounted, 0 remain pending
[2021.08.18-21.21.25:982][  0]LogPakFile: Registered encryption key '00000000000000000000000000000000': 0 pak files mounted, 0 remain pending
[2021.08.18-21.21.27:959][  0]LogContentBrowser: Native class hierarchy updated for 'AddContentDialog' in 0.0004 seconds. Added 0 classes and 0 folders.
[2021.08.18-21.21.28:054][  0]LogContentBrowser: Native class hierarchy updated for 'SceneOutliner' in 0.0010 seconds. Added 1 classes and 2 folders.
[2021.08.18-21.21.28:569][  0]LogSlate: Took 0.000331 seconds to synchronously load lazily loaded font '../../../Engine/Content/Slate/Fonts/Roboto-Regular.ttf' (155K)
[2021.08.18-21.21.28:573][  0]LogSlate: Took 0.000326 seconds to synchronously load lazily loaded font '../../../Engine/Content/Slate/Fonts/Roboto-Bold.ttf' (160K)
[2021.08.18-21.21.28:612][  0]LogSlate: Took 0.028322 seconds to synchronously load lazily loaded font '../../../Engine/Content/Editor/Slate/Fonts/FontAwesome.ttf' (139K)
[2021.08.18-21.21.29:215][  0]LogRenderer: Reallocating scene render targets to support 980x604 Format 10 NumSamples 1 (Frame:1).
[2021.08.18-21.21.29:717][  0]LogContentBrowser: Native class hierarchy updated for 'HierarchicalLODOutliner' in 0.0005 seconds. Added 0 classes and 0 folders.
[2021.08.18-21.21.29:719][  0]LogLoad: (Engine Initialization) Total time: 27.30 seconds
[2021.08.18-21.21.29:719][  0]LogLoad: (Engine Initialization) Total Blueprint compile time: 0.00 seconds
[2021.08.18-21.21.29:802][  0]LogAssetRegistry: Asset discovery search completed in 18.0242 seconds
[2021.08.18-21.21.29:805][  0]LogCollectionManager: Rebuilt the object cache for 0 collections in 0.000000 seconds (found 0 objects)
[2021.08.18-21.21.29:805][  0]LogCollectionManager: Fixed up redirectors for 0 collections in 0.000057 seconds (updated 0 objects)
[2021.08.18-21.21.29:833][  0]LogContentStreaming: Texture pool size now 1000 MB
[2021.08.18-21.21.30:004][  0]LogSlate: Took 0.018008 seconds to synchronously load lazily loaded font '../../../Engine/Content/Slate/Fonts/Roboto-Light.ttf' (167K)
[2021.08.18-21.21.49:400][ 58]LogSlate: FSceneViewport::OnFocusLost() reason 0
[2021.08.18-21.22.32:317][835]LogSlate: Took 0.000257 seconds to synchronously load lazily loaded font '../../../Engine/Content/Slate/Fonts/Roboto-Light.ttf' (167K)
[2021.08.18-21.22.34:614][835]LogAIModule: Creating AISystem for world Parke
[2021.08.18-21.22.34:664][835]LogAssetEditorManager: Opening Asset editor for World /Game/ThirdPersonBP/Parke.Parke
[2021.08.18-21.22.34:718][835]LogUObjectHash: Compacting FUObjectHashTables data took   1.36ms
[2021.08.18-21.22.34:720][835]Cmd: MAP LOAD FILE="../../../../../Unreal/Jardin/Content/ThirdPersonBP/Parke.umap" TEMPLATE=0 SHOWPROGRESS=1 FEATURELEVEL=3
[2021.08.18-21.22.34:720][835]LightingResults: New page: Diseñar la iluminación
[2021.08.18-21.22.34:720][835]LoadErrors: New page: Cargando mapa: Parke.umap
[2021.08.18-21.22.34:721][835]MapCheck: New page: Revisión del mapa
[2021.08.18-21.22.34:721][835]LightingResults: New page: Diseñar la iluminación
[2021.08.18-21.22.34:751][835]LogUObjectHash: Compacting FUObjectHashTables data took   2.62ms
[2021.08.18-21.22.34:932][835]LogEditorServer: Finished looking for orphan Actors (0.000 secs)
[2021.08.18-21.22.34:959][835]LogUObjectHash: Compacting FUObjectHashTables data took   1.65ms
[2021.08.18-21.22.34:970][835]Cmd: MAP CHECKDEP NOCLEARLOG
[2021.08.18-21.22.34:971][835]MapCheck: Map check complete: 0 Error(s), 0 Warning(s), took 0.106ms to complete.
[2021.08.18-21.22.34:971][835]LogFileHelpers: Loading map 'Parke' took 0.252
[2021.08.18-21.22.40:462][136]LogEditorViewport: Clicking on Actor (LMB): Landscape (Landscape)
[2021.08.18-21.22.46:818][449]LogEditorViewport: Clicking Background
[2021.08.18-21.32.32:578][220]LogUObjectHash: Compacting FUObjectHashTables data took   1.52ms
[2021.08.18-21.32.32:981][220]Cmd: OBJ SAVEPACKAGE PACKAGE="/Game/ThirdPersonBP/Parke" FILE="../../../../../Unreal/Jardin/Saved/Autosaves/Game/ThirdPersonBP/Parke_Auto1.umap" SILENT=true AUTOSAVING=true KEEPDIRTY=false
[2021.08.18-21.32.33:815][220]LogSavePackage: Moving '../../../../../Unreal/Jardin/Saved/Parke_Auto1C12E35A1408076C712B2D2B715C00251.tmp' to '../../../../../Unreal/Jardin/Saved/Autosaves/Game/ThirdPersonBP/Parke_Auto1.umap'
[2021.08.18-21.32.33:832][220]LogFileHelpers: Editor autosave (incl. sublevels) for '/Game/ThirdPersonBP/Parke' took 1.277
[2021.08.18-21.32.33:832][220]LogFileHelpers: Editor autosave (incl. sublevels) for all levels took 1.277
[2021.08.18-23.14.49:129][557]LogHttp: Warning: 0000021B969A3880: request failed, libcurl error: 56 (Failure when receiving data from the peer)
[2021.08.18-23.14.49:129][557]LogHttp: Warning: 0000021B969A3880: libcurl info message cache 0 (Found bundle for host datarouter.ol.epicgames.com: 0x21bcbe47f70 [can pipeline])
[2021.08.18-23.14.49:129][557]LogHttp: Warning: 0000021B969A3880: libcurl info message cache 1 (Re-using existing connection! (#45) with host datarouter.ol.epicgames.com)
[2021.08.18-23.14.49:129][557]LogHttp: Warning: 0000021B969A3880: libcurl info message cache 2 (Connected to datarouter.ol.epicgames.com (18.211.58.129) port 443 (#45))
[2021.08.18-23.14.49:129][557]LogHttp: Warning: 0000021B969A3880: libcurl info message cache 3 (We are completely uploaded and fine)
[2021.08.18-23.14.49:129][557]LogHttp: Warning: 0000021B969A3880: libcurl info message cache 4 (OpenSSL SSL_read: SSL_ERROR_SYSCALL, errno 10054)
[2021.08.18-23.14.49:129][557]LogHttp: Warning: 0000021B969A3880: libcurl info message cache 5 (Connection died, retrying a fresh connect)
[2021.08.18-23.14.49:129][557]LogHttp: Warning: 0000021B969A3880: libcurl info message cache 6 (necessary data rewind wasn't possible)
[2021.08.18-23.14.49:129][557]LogHttp: Warning: 0000021B969A3880: libcurl info message cache 7 (Closing connection 45)
[2021.08.18-23.14.49:442][558]LogHttp: Warning: Retry exhausted on https://datarouter.ol.epicgames.com/datarouter/api/v1/public/data?SessionID=%7B7177E6B9-4987-889D-7A57-DABDF69CA00B%7D&AppID=UEEditor.Rocket.Release&AppVersion=4.22.3-7053642%2B%2B%2BUE4%2BRelease-4.22&UserID=84933be4405b8c3b7a6cf1b3ea382b37%7Ca0958d4b5cd44f349dc6ac61d2d89d5b%7C0f4d5237-242c-421d-b2f2-4a1601d1d8b6&AppEnvironment=datacollector-binary&UploadType=eteventstream
